12-25 17:45:59 com_github_MitjaNemec_PlaceFootprints.action_place_footprints 674:Plugin executed on: 'linux'
12-25 17:45:59 com_github_MitjaNemec_PlaceFootprints.action_place_footprints 675:Plugin executed with python version: '3.12.3 (main, Nov  6 2025, 13:44:16) [GCC 13.3.0]'
12-25 17:45:59 com_github_MitjaNemec_PlaceFootprints.action_place_footprints 676:KiCad build version: 9.0.6-9.0.6~ubuntu24.04.1
12-25 17:45:59 com_github_MitjaNemec_PlaceFootprints.action_place_footprints 677:Plugin version: 4.0.1
12-25 17:45:59 com_github_MitjaNemec_PlaceFootprints.action_place_footprints 678:Frame repr: <wx._core.Frame object at 0x7967b059bbf0>
12-25 17:45:59 com_github_MitjaNemec_PlaceFootprints.place_footprints 121:getting a list of all footprints on board
12-25 17:45:59 com_github_MitjaNemec_PlaceFootprints.place_footprints 156:Footprint RP2 on root level
12-25 17:45:59 com_github_MitjaNemec_PlaceFootprints.place_footprints 156:Footprint RP1 on root level
12-25 17:45:59 com_github_MitjaNemec_PlaceFootprints.place_footprints 156:Footprint DP1 on root level
12-25 17:45:59 com_github_MitjaNemec_PlaceFootprints.place_footprints 156:Footprint U1 on root level
12-25 17:45:59 com_github_MitjaNemec_PlaceFootprints.place_footprints 156:Footprint R12 on root level
12-25 17:45:59 com_github_MitjaNemec_PlaceFootprints.place_footprints 156:Footprint R11 on root level
12-25 17:45:59 com_github_MitjaNemec_PlaceFootprints.place_footprints 156:Footprint R10 on root level
12-25 17:45:59 com_github_MitjaNemec_PlaceFootprints.place_footprints 156:Footprint R1 on root level
12-25 17:45:59 com_github_MitjaNemec_PlaceFootprints.place_footprints 156:Footprint R2 on root level
12-25 17:45:59 com_github_MitjaNemec_PlaceFootprints.place_footprints 156:Footprint R3 on root level
12-25 17:45:59 com_github_MitjaNemec_PlaceFootprints.place_footprints 156:Footprint R9 on root level
12-25 17:45:59 com_github_MitjaNemec_PlaceFootprints.place_footprints 156:Footprint R8 on root level
12-25 17:45:59 com_github_MitjaNemec_PlaceFootprints.place_footprints 156:Footprint R7 on root level
12-25 17:45:59 com_github_MitjaNemec_PlaceFootprints.place_footprints 156:Footprint R6 on root level
12-25 17:45:59 com_github_MitjaNemec_PlaceFootprints.place_footprints 156:Footprint R5 on root level
12-25 17:45:59 com_github_MitjaNemec_PlaceFootprints.place_footprints 156:Footprint R4 on root level
12-25 17:45:59 com_github_MitjaNemec_PlaceFootprints.place_footprints 156:Footprint Q1 on root level
12-25 17:45:59 com_github_MitjaNemec_PlaceFootprints.place_footprints 156:Footprint JP1 on root level
12-25 17:45:59 com_github_MitjaNemec_PlaceFootprints.place_footprints 156:Footprint J1 on root level
12-25 17:45:59 com_github_MitjaNemec_PlaceFootprints.place_footprints 156:Footprint H4 on root level
12-25 17:45:59 com_github_MitjaNemec_PlaceFootprints.place_footprints 156:Footprint H1 on root level
12-25 17:45:59 com_github_MitjaNemec_PlaceFootprints.place_footprints 156:Footprint H6 on root level
12-25 17:45:59 com_github_MitjaNemec_PlaceFootprints.place_footprints 156:Footprint H3 on root level
12-25 17:45:59 com_github_MitjaNemec_PlaceFootprints.place_footprints 156:Footprint H5 on root level
12-25 17:45:59 com_github_MitjaNemec_PlaceFootprints.place_footprints 156:Footprint H2 on root level
12-25 17:45:59 com_github_MitjaNemec_PlaceFootprints.place_footprints 156:Footprint F1 on root level
12-25 17:45:59 com_github_MitjaNemec_PlaceFootprints.place_footprints 156:Footprint D12 on root level
12-25 17:45:59 com_github_MitjaNemec_PlaceFootprints.place_footprints 156:Footprint D11 on root level
12-25 17:45:59 com_github_MitjaNemec_PlaceFootprints.place_footprints 156:Footprint D10 on root level
12-25 17:45:59 com_github_MitjaNemec_PlaceFootprints.place_footprints 156:Footprint D1 on root level
12-25 17:45:59 com_github_MitjaNemec_PlaceFootprints.place_footprints 156:Footprint D2 on root level
12-25 17:45:59 com_github_MitjaNemec_PlaceFootprints.place_footprints 156:Footprint D3 on root level
12-25 17:45:59 com_github_MitjaNemec_PlaceFootprints.place_footprints 156:Footprint D9 on root level
12-25 17:45:59 com_github_MitjaNemec_PlaceFootprints.place_footprints 156:Footprint D8 on root level
12-25 17:45:59 com_github_MitjaNemec_PlaceFootprints.place_footprints 156:Footprint D7 on root level
12-25 17:45:59 com_github_MitjaNemec_PlaceFootprints.place_footprints 156:Footprint D6 on root level
12-25 17:45:59 com_github_MitjaNemec_PlaceFootprints.place_footprints 156:Footprint D5 on root level
12-25 17:45:59 com_github_MitjaNemec_PlaceFootprints.place_footprints 156:Footprint D4 on root level
12-25 17:45:59 com_github_MitjaNemec_PlaceFootprints.place_footprints 156:Footprint C2 on root level
12-25 17:45:59 com_github_MitjaNemec_PlaceFootprints.place_footprints 156:Footprint C1 on root level
12-25 17:45:59 com_github_MitjaNemec_PlaceFootprints.action_place_footprints 717:Reference footprint='D2'
12-25 17:46:00 com_github_MitjaNemec_PlaceFootprints.action_place_footprints 858:Reference designator is: D
12-25 17:46:00 com_github_MitjaNemec_PlaceFootprints.action_place_footprints 859:Reference number is: 2
12-25 17:46:00 com_github_MitjaNemec_PlaceFootprints.action_place_footprints 891:Sorted and filtered list:
['D1', 'D2', 'D3', 'D4', 'D5', 'D6', 'D7', 'D8', 'D9', 'D10', 'D11', 'D12']
12-25 17:46:00 com_github_MitjaNemec_PlaceFootprints.action_place_footprints 376:wx.Colour(44, 44, 44, 255)
12-25 17:46:14 com_github_MitjaNemec_PlaceFootprints.action_place_footprints 507:'35'
12-25 17:46:14 com_github_MitjaNemec_PlaceFootprints.action_place_footprints 559:Preparing config for reference circular
12-25 17:46:14 com_github_MitjaNemec_PlaceFootprints.action_place_footprints 573:Saving config file
12-25 17:46:14 com_github_MitjaNemec_PlaceFootprints.action_place_footprints 575:Saved the config file
12-25 17:46:14 com_github_MitjaNemec_PlaceFootprints.action_place_footprints 929:Footprints to place:
['D1', 'D2', 'D3', 'D4', 'D5', 'D6', 'D7', 'D8', 'D9', 'D10', 'D11', 'D12']
12-25 17:46:14 com_github_MitjaNemec_PlaceFootprints.place_footprints 359:Starting placing with circular layout
12-25 17:46:14 com_github_MitjaNemec_PlaceFootprints.place_footprints 369:reference footprint position at: VECTOR2I(115338983, 87790000)
12-25 17:46:14 com_github_MitjaNemec_PlaceFootprints.place_footprints 374:rotation center at: (115338983, 122790000.0)
12-25 17:46:14 com_github_MitjaNemec_PlaceFootprints.place_footprints 506:Text of: D2 has property "Keep upright" rotation might not look as intended
12-25 17:46:14 com_github_MitjaNemec_PlaceFootprints.place_footprints 506:Text of: D2 has property "Keep upright" rotation might not look as intended
12-25 17:46:14 com_github_MitjaNemec_PlaceFootprints.place_footprints 506:Text of: D2 has property "Keep upright" rotation might not look as intended
12-25 17:46:14 com_github_MitjaNemec_PlaceFootprints.place_footprints 506:Text of: D2 has property "Keep upright" rotation might not look as intended
12-25 17:46:14 com_github_MitjaNemec_PlaceFootprints.place_footprints 506:Text of: D2 has property "Keep upright" rotation might not look as intended
12-25 17:46:14 com_github_MitjaNemec_PlaceFootprints.place_footprints 506:Text of: D2 has property "Keep upright" rotation might not look as intended
12-25 17:46:14 com_github_MitjaNemec_PlaceFootprints.place_footprints 506:Text of: D2 has property "Keep upright" rotation might not look as intended
12-25 17:46:14 com_github_MitjaNemec_PlaceFootprints.place_footprints 506:Text of: D2 has property "Keep upright" rotation might not look as intended
12-25 17:46:14 com_github_MitjaNemec_PlaceFootprints.place_footprints 506:Text of: D2 has property "Keep upright" rotation might not look as intended
12-25 17:46:14 com_github_MitjaNemec_PlaceFootprints.place_footprints 506:Text of: D2 has property "Keep upright" rotation might not look as intended
12-25 17:46:14 com_github_MitjaNemec_PlaceFootprints.place_footprints 506:Text of: D2 has property "Keep upright" rotation might not look as intended
12-25 17:46:14 com_github_MitjaNemec_PlaceFootprints.place_footprints 506:Text of: D2 has property "Keep upright" rotation might not look as intended
12-25 17:46:14 com_github_MitjaNemec_PlaceFootprints.place_footprints 506:Text of: D2 has property "Keep upright" rotation might not look as intended
12-25 17:46:14 com_github_MitjaNemec_PlaceFootprints.place_footprints 506:Text of: D2 has property "Keep upright" rotation might not look as intended
12-25 17:46:14 com_github_MitjaNemec_PlaceFootprints.place_footprints 506:Text of: D2 has property "Keep upright" rotation might not look as intended
12-25 17:46:14 com_github_MitjaNemec_PlaceFootprints.place_footprints 506:Text of: D2 has property "Keep upright" rotation might not look as intended
12-25 17:46:14 com_github_MitjaNemec_PlaceFootprints.place_footprints 506:Text of: D2 has property "Keep upright" rotation might not look as intended
12-25 17:46:14 com_github_MitjaNemec_PlaceFootprints.place_footprints 506:Text of: D2 has property "Keep upright" rotation might not look as intended
12-25 17:46:14 com_github_MitjaNemec_PlaceFootprints.place_footprints 506:Text of: D2 has property "Keep upright" rotation might not look as intended
12-25 17:46:14 com_github_MitjaNemec_PlaceFootprints.place_footprints 506:Text of: D2 has property "Keep upright" rotation might not look as intended
12-25 17:46:14 com_github_MitjaNemec_PlaceFootprints.place_footprints 506:Text of: D2 has property "Keep upright" rotation might not look as intended
12-25 17:46:14 com_github_MitjaNemec_PlaceFootprints.place_footprints 506:Text of: D2 has property "Keep upright" rotation might not look as intended
12-25 17:46:14 com_github_MitjaNemec_PlaceFootprints.place_footprints 506:Text of: D2 has property "Keep upright" rotation might not look as intended
12-25 17:46:14 com_github_MitjaNemec_PlaceFootprints.place_footprints 506:Text of: D2 has property "Keep upright" rotation might not look as intended
12-25 17:46:14 com_github_MitjaNemec_PlaceFootprints.place_footprints 506:Text of: D2 has property "Keep upright" rotation might not look as intended
12-25 17:46:14 com_github_MitjaNemec_PlaceFootprints.place_footprints 506:Text of: D2 has property "Keep upright" rotation might not look as intended
12-25 17:46:14 com_github_MitjaNemec_PlaceFootprints.place_footprints 506:Text of: D2 has property "Keep upright" rotation might not look as intended
12-25 17:46:14 com_github_MitjaNemec_PlaceFootprints.place_footprints 506:Text of: D2 has property "Keep upright" rotation might not look as intended
12-25 17:46:14 com_github_MitjaNemec_PlaceFootprints.place_footprints 506:Text of: D2 has property "Keep upright" rotation might not look as intended
12-25 17:46:14 com_github_MitjaNemec_PlaceFootprints.place_footprints 506:Text of: D2 has property "Keep upright" rotation might not look as intended
12-25 17:46:14 com_github_MitjaNemec_PlaceFootprints.place_footprints 506:Text of: D2 has property "Keep upright" rotation might not look as intended
12-25 17:46:14 com_github_MitjaNemec_PlaceFootprints.place_footprints 506:Text of: D2 has property "Keep upright" rotation might not look as intended
12-25 17:46:14 com_github_MitjaNemec_PlaceFootprints.place_footprints 506:Text of: D2 has property "Keep upright" rotation might not look as intended
12-25 17:46:14 com_github_MitjaNemec_PlaceFootprints.action_place_footprints 944:Placing complete
